<?xml version="1.0" encoding="UTF-8"?>
<testng-results skipped="0" failed="0" ignored="0" total="1" passed="1">
  <reporter-output>
    <line>
      <![CDATA[Working Directory = C:\Users\yadav\eclipse-workspace\healthifymeautomationassignment]]>
    </line>
    <line>
      <![CDATA[Working Directory2 = C:\Users\yadav\eclipse-workspace\healthifymeautomationassignment/src/test/java/healthifyme/automationassignment/config/testConfig.json]]>
    </line>
    <line>
      <![CDATA[Working Directory = C:\Users\yadav\eclipse-workspace\healthifymeautomationassignment]]>
    </line>
    <line>
      <![CDATA[Working Directory2 = C:\Users\yadav\eclipse-workspace\healthifymeautomationassignment/src/test/java/healthifyme/automationassignment/config/testConfig.json]]>
    </line>
    <line>
      <![CDATA[waiting for the app to load]]>
    </line>
    <line>
      <![CDATA[Tapped successfully on By.id: com.healthifyme.basic:id/btn_login]]>
    </line>
    <line>
      <![CDATA[entered email ID successfully]]>
    </line>
    <line>
      <![CDATA[entered password successfully]]>
    </line>
    <line>
      <![CDATA[Tapped successfully on By.id: com.healthifyme.basic:id/btn_login_signup]]>
    </line>
    <line>
      <![CDATA[Tapped on logIn button successfully]]>
    </line>
    <line>
      <![CDATA[LogIn is successfull]]>
    </line>
    <line>
      <![CDATA[waiting for the app to load]]>
    </line>
    <line>
      <![CDATA[Tapped successfully on By.xpath: //android.widget.TextView[@text='Me']]]>
    </line>
    <line>
      <![CDATA[Tapped successfully on By.id: com.healthifyme.basic:id/btn_add]]>
    </line>
    <line>
      <![CDATA[Tapped successfully on By.id: com.healthifyme.basic:id/btn_done]]>
    </line>
    <line>
      <![CDATA[Tapped successfully on By.xpath: //android.widget.TextView[@text='Me']]]>
    </line>
    <line>
      <![CDATA[Food Objective Verification Is SuccessFull]]>
    </line>
  </reporter-output>
  <suite name="Suite" duration-ms="117747" started-at="2019-02-13T13:20:39Z" finished-at="2019-02-13T13:22:37Z">
    <groups>
    </groups>
    <test name="Test1" duration-ms="117747" started-at="2019-02-13T13:20:39Z" finished-at="2019-02-13T13:22:37Z">
      <class name="healthifyme.automationassignment.testscripts.FoodObjectiveVerificationTest">
        <test-method status="PASS" signature="setUp(java.lang.String)[pri:0, instance:healthifyme.automationassignment.testscripts.FoodObjectiveVerificationTest@7225790e]" name="setUp" is-config="true" duration-ms="18602" started-at="2019-02-13T13:20:39Z" finished-at="2019-02-13T13:20:58Z">
          <params>
            <param index="0">
              <value>
                <![CDATA[4723]]>
              </value>
            </param>
          </params>
          <reporter-output>
            <line>
              <![CDATA[Working Directory = C:\Users\yadav\eclipse-workspace\healthifymeautomationassignment]]>
            </line>
            <line>
              <![CDATA[Working Directory2 = C:\Users\yadav\eclipse-workspace\healthifymeautomationassignment/src/test/java/healthifyme/automationassignment/config/testConfig.json]]>
            </line>
            <line>
              <![CDATA[Working Directory = C:\Users\yadav\eclipse-workspace\healthifymeautomationassignment]]>
            </line>
            <line>
              <![CDATA[Working Directory2 = C:\Users\yadav\eclipse-workspace\healthifymeautomationassignment/src/test/java/healthifyme/automationassignment/config/testConfig.json]]>
            </line>
          </reporter-output>
        </test-method> <!-- setUp -->
        <test-method status="PASS" signature="buyTvTest()[pri:0, instance:healthifyme.automationassignment.testscripts.FoodObjectiveVerificationTest@7225790e]" name="buyTvTest" duration-ms="97033" started-at="2019-02-13T13:20:58Z" finished-at="2019-02-13T13:22:35Z">
          <reporter-output>
            <line>
              <![CDATA[waiting for the app to load]]>
            </line>
            <line>
              <![CDATA[Tapped successfully on By.id: com.healthifyme.basic:id/btn_login]]>
            </line>
            <line>
              <![CDATA[entered email ID successfully]]>
            </line>
            <line>
              <![CDATA[entered password successfully]]>
            </line>
            <line>
              <![CDATA[Tapped successfully on By.id: com.healthifyme.basic:id/btn_login_signup]]>
            </line>
            <line>
              <![CDATA[Tapped on logIn button successfully]]>
            </line>
            <line>
              <![CDATA[LogIn is successfull]]>
            </line>
            <line>
              <![CDATA[waiting for the app to load]]>
            </line>
            <line>
              <![CDATA[Tapped successfully on By.xpath: //android.widget.TextView[@text='Me']]]>
            </line>
            <line>
              <![CDATA[Tapped successfully on By.id: com.healthifyme.basic:id/btn_add]]>
            </line>
            <line>
              <![CDATA[Tapped successfully on By.id: com.healthifyme.basic:id/btn_done]]>
            </line>
            <line>
              <![CDATA[Tapped successfully on By.xpath: //android.widget.TextView[@text='Me']]]>
            </line>
            <line>
              <![CDATA[Food Objective Verification Is SuccessFull]]>
            </line>
          </reporter-output>
        </test-method> <!-- buyTvTest -->
        <test-method status="PASS" signature="tearDown()[pri:0, instance:healthifyme.automationassignment.testscripts.FoodObjectiveVerificationTest@7225790e]" name="tearDown" is-config="true" duration-ms="2055" started-at="2019-02-13T13:22:35Z" finished-at="2019-02-13T13:22:37Z">
          <reporter-output>
          </reporter-output>
        </test-method> <!-- tearDown -->
      </class> <!-- healthifyme.automationassignment.testscripts.FoodObjectiveVerificationTest -->
    </test> <!-- Test1 -->
  </suite> <!-- Suite -->
</testng-results>
