<?xml version="1.0" encoding="UTF-8"?>
<testng-results skipped="0" failed="0" ignored="0" total="1" passed="1">
  <reporter-output>
    <line>
      <![CDATA[Working Directory = E:\Assignment\automationassignment]]>
    </line>
    <line>
      <![CDATA[Working Directory2 = E:\Assignment\automationassignment/src/test/java/wipro/automationassignment/config/testConfig.json]]>
    </line>
    <line>
      <![CDATA[Working Directory = E:\Assignment\automationassignment]]>
    </line>
    <line>
      <![CDATA[Working Directory2 = E:\Assignment\automationassignment/src/test/java/wipro/automationassignment/config/testConfig.json]]>
    </line>
    <line>
      <![CDATA[Working Directory = E:\Assignment\automationassignment]]>
    </line>
    <line>
      <![CDATA[Working Directory2 = E:\Assignment\automationassignment/src/test/java/wipro/automationassignment/config/testConfig.json]]>
    </line>
    <line>
      <![CDATA[Tapped successfully on By.id: home]]>
    </line>
    <line>
      <![CDATA[Tapped successfully on By.id: com.ebay.mobile:id/textview_sign_out_status]]>
    </line>
    <line>
      <![CDATA[Tapped successfully on By.id: com.ebay.mobile:id/button_sign_in]]>
    </line>
    <line>
      <![CDATA[Tapped successfully on By.id: android:id/button2]]>
    </line>
    <line>
      <![CDATA[Tapped successfully on By.id: home]]>
    </line>
    <line>
      <![CDATA[Tapped successfully on By.AndroidUIAutomator: new UiScrollable(new UiSelector().scrollable(true).instance(0)).scrollIntoView(new UiSelector().textContains("Settings").instance(0))]]>
    </line>
    <line>
      <![CDATA[Tapped successfully on By.xpath: //*[@text='Country/region']]]>
    </line>
    <line>
      <![CDATA[Tapped successfully on By.id: switch_widget]]>
    </line>
    <line>
      <![CDATA[Tapped successfully on By.id: check_country]]>
    </line>
    <line>
      <![CDATA[Tapped successfully on By.id: search_box]]>
    </line>
    <line>
      <![CDATA[Tapped successfully on By.id: com.ebay.mobile:id/button_bin]]>
    </line>
    <line>
      <![CDATA[Tapped successfully on By.id: com.ebay.mobile:id/take_action]]>
    </line>
  </reporter-output>
  <suite name="Suite" duration-ms="95897" started-at="2019-01-12T12:07:12Z" finished-at="2019-01-12T12:08:48Z">
    <groups>
    </groups>
    <test name="Test1" duration-ms="95897" started-at="2019-01-12T12:07:12Z" finished-at="2019-01-12T12:08:48Z">
      <class name="wipro.automationassignment.testscripts.BuyTvTest">
        <test-method status="PASS" signature="setUp(java.lang.String)[pri:0, instance:wipro.automationassignment.testscripts.BuyTvTest@7225790e]" name="setUp" is-config="true" duration-ms="24649" started-at="2019-01-12T12:07:12Z" finished-at="2019-01-12T12:07:36Z">
          <params>
            <param index="0">
              <value>
                <![CDATA[4723]]>
              </value>
            </param>
          </params>
          <reporter-output>
            <line>
              <![CDATA[Working Directory = E:\Assignment\automationassignment]]>
            </line>
            <line>
              <![CDATA[Working Directory2 = E:\Assignment\automationassignment/src/test/java/wipro/automationassignment/config/testConfig.json]]>
            </line>
            <line>
              <![CDATA[Working Directory = E:\Assignment\automationassignment]]>
            </line>
            <line>
              <![CDATA[Working Directory2 = E:\Assignment\automationassignment/src/test/java/wipro/automationassignment/config/testConfig.json]]>
            </line>
            <line>
              <![CDATA[Working Directory = E:\Assignment\automationassignment]]>
            </line>
            <line>
              <![CDATA[Working Directory2 = E:\Assignment\automationassignment/src/test/java/wipro/automationassignment/config/testConfig.json]]>
            </line>
          </reporter-output>
        </test-method> <!-- setUp -->
        <test-method status="PASS" signature="buyTvTest()[pri:0, instance:wipro.automationassignment.testscripts.BuyTvTest@7225790e]" name="buyTvTest" duration-ms="69810" started-at="2019-01-12T12:07:36Z" finished-at="2019-01-12T12:08:46Z">
          <reporter-output>
            <line>
              <![CDATA[Tapped successfully on By.id: home]]>
            </line>
            <line>
              <![CDATA[Tapped successfully on By.id: com.ebay.mobile:id/textview_sign_out_status]]>
            </line>
            <line>
              <![CDATA[Tapped successfully on By.id: com.ebay.mobile:id/button_sign_in]]>
            </line>
            <line>
              <![CDATA[Tapped successfully on By.id: android:id/button2]]>
            </line>
            <line>
              <![CDATA[Tapped successfully on By.id: home]]>
            </line>
            <line>
              <![CDATA[Tapped successfully on By.AndroidUIAutomator: new UiScrollable(new UiSelector().scrollable(true).instance(0)).scrollIntoView(new UiSelector().textContains("Settings").instance(0))]]>
            </line>
            <line>
              <![CDATA[Tapped successfully on By.xpath: //*[@text='Country/region']]]>
            </line>
            <line>
              <![CDATA[Tapped successfully on By.id: switch_widget]]>
            </line>
            <line>
              <![CDATA[Tapped successfully on By.id: check_country]]>
            </line>
            <line>
              <![CDATA[Tapped successfully on By.id: search_box]]>
            </line>
            <line>
              <![CDATA[Tapped successfully on By.id: com.ebay.mobile:id/button_bin]]>
            </line>
            <line>
              <![CDATA[Tapped successfully on By.id: com.ebay.mobile:id/take_action]]>
            </line>
          </reporter-output>
        </test-method> <!-- buyTvTest -->
        <test-method status="PASS" signature="tearDown()[pri:0, instance:wipro.automationassignment.testscripts.BuyTvTest@7225790e]" name="tearDown" is-config="true" duration-ms="1401" started-at="2019-01-12T12:08:46Z" finished-at="2019-01-12T12:08:48Z">
          <reporter-output>
          </reporter-output>
        </test-method> <!-- tearDown -->
      </class> <!-- wipro.automationassignment.testscripts.BuyTvTest -->
    </test> <!-- Test1 -->
  </suite> <!-- Suite -->
</testng-results>
